<?xml version="1.0" encoding="UTF-8"?>
<!-- Generated by org.testng.reporters.JUnitReportReporter -->
<testsuite skipped="0" hostname="EGDM1-MEMAD" name="iFinAlizz.iFinAlizz.LoginTest" tests="1" failures="0" timestamp="01 Jul 2019 14:48:00 GMT" time="4.862" errors="0">
  <testcase name="CheckLogin" time="4.862" classname="iFinAlizz.iFinAlizz.LoginTest"/>
</testsuite> <!-- iFinAlizz.iFinAlizz.LoginTest -->
