<?xml version="1.0" encoding="UTF-8"?>
<!-- Generated by org.testng.reporters.JUnitReportReporter -->
<testsuite skipped="0" hostname="EGDM1-MEMAD" name="tests.LoginTest" tests="1" failures="0" timestamp="25 Jul 2019 08:04:08 GMT" time="0.983" errors="0">
  <testcase name="CheckLogin" time="0.983" classname="tests.LoginTest"/>
</testsuite> <!-- tests.LoginTest -->
